[16:07:32.322 Verbose] - BuildManager - D:\Programmas\Visual Studio 2022\MSBuild\Current\Bin\Roslyn\Microsoft.Managed.Core.targets(190,5): error : Could not find a part of the path 'D:\Users\Tangu\Documents\1Programmeren\Programmeren Gevorderd\Programmeren-Gevorderd-Eind-Evaluatie\1EindEvaluatie_FitnessReservatieApp\FitnessCentrumApp\.vs\FitnessCentrumApp\v17\lut\0\i\Persistentie\Debug\net5.0\Persistentie.GeneratedMSBuildEditorConfig.editorconfig'.
[16:07:32.325 Verbose] - BuildManager - Some of the file paths defined in the csproj under the Live Unit Testing build path are missing. Verify whether these files should be present under the Live Unit Testing build path and if necessary update the csproj definition to look these files up in a different place.
[16:07:32.326 Verbose] - BuildManager - Item _OutputPathItem 'D:\Users\Tangu\Documents\1Programmeren\Programmeren Gevorderd\Programmeren-Gevorderd-Eind-Evaluatie\1EindEvaluatie_FitnessReservatieApp\FitnessCentrumApp\.vs\FitnessCentrumApp\v17\lut\0\b\Persistentie\Debug\net5.0\' evaluated via:
_OutputPathItem: '$(OutDir)' @ D:\Programmas\Visual Studio 2022\MSBuild\Current\Bin\amd64\Microsoft.Common.CurrentVersion.targets:310
  OutDir: '$(OutputPath)' @ D:\Programmas\Visual Studio 2022\MSBuild\Current\Bin\amd64\Microsoft.Common.CurrentVersion.targets:228
    OutputPath: '$(OutputPath)$(TargetFramework.ToLowerInvariant())\' @ c:\program files\dotnet\sdk\6.0.202\Sdks\Microsoft.NET.Sdk\targets\Microsoft.NET.TargetFrameworkInference.targets:245
      OutputPath: '$(BaseOutputPath)$(Configuration)\' @ c:\program files\dotnet\sdk\6.0.202\Sdks\Microsoft.NET.Sdk\targets\Microsoft.NET.DefaultOutputPaths.targets:33
        BaseOutputPath: 'D:\Users\Tangu\Documents\1Programmeren\Programmeren Gevorderd\Programmeren-Gevorderd-Eind-Evaluatie\1EindEvaluatie_FitnessReservatieApp\FitnessCentrumApp\.vs\FitnessCentrumApp\v17\lut\0\b\Persistentie\' @ D:\Users\Tangu\Documents\1Programmeren\Programmeren Gevorderd\Programmeren-Gevorderd-Eind-Evaluatie\1EindEvaluatie_FitnessReservatieApp\FitnessCentrumApp\Persistentie\Persistentie.csproj:0
        Configuration: 'Debug'
[16:07:32.326 Verbose] - BuildManager - Item AppConfigFileDestination 'D:\Users\Tangu\Documents\1Programmeren\Programmeren Gevorderd\Programmeren-Gevorderd-Eind-Evaluatie\1EindEvaluatie_FitnessReservatieApp\FitnessCentrumApp\.vs\FitnessCentrumApp\v17\lut\0\b\Persistentie\Debug\net5.0\Persistentie.dll.config' evaluated via:
AppConfigFileDestination: '$(OutDir)$(TargetFileName).config' @ D:\Programmas\Visual Studio 2022\MSBuild\Current\Bin\amd64\Microsoft.Common.CurrentVersion.targets:339
  OutDir: '$(OutputPath)' @ D:\Programmas\Visual Studio 2022\MSBuild\Current\Bin\amd64\Microsoft.Common.CurrentVersion.targets:228
    OutputPath: '$(OutputPath)$(TargetFramework.ToLowerInvariant())\' @ c:\program files\dotnet\sdk\6.0.202\Sdks\Microsoft.NET.Sdk\targets\Microsoft.NET.TargetFrameworkInference.targets:245
      OutputPath: '$(BaseOutputPath)$(Configuration)\' @ c:\program files\dotnet\sdk\6.0.202\Sdks\Microsoft.NET.Sdk\targets\Microsoft.NET.DefaultOutputPaths.targets:33
        BaseOutputPath: 'D:\Users\Tangu\Documents\1Programmeren\Programmeren Gevorderd\Programmeren-Gevorderd-Eind-Evaluatie\1EindEvaluatie_FitnessReservatieApp\FitnessCentrumApp\.vs\FitnessCentrumApp\v17\lut\0\b\Persistentie\' @ D:\Users\Tangu\Documents\1Programmeren\Programmeren Gevorderd\Programmeren-Gevorderd-Eind-Evaluatie\1EindEvaluatie_FitnessReservatieApp\FitnessCentrumApp\Persistentie\Persistentie.csproj:0
        Configuration: 'Debug'
  TargetFileName: '$(TargetName)$(TargetExt)' @ D:\Programmas\Visual Studio 2022\MSBuild\Current\Bin\amd64\Microsoft.Common.CurrentVersion.targets:248
    TargetName: '$(AssemblyName)' @ D:\Programmas\Visual Studio 2022\MSBuild\Current\Bin\amd64\Microsoft.Common.CurrentVersion.targets:240
      AssemblyName: '$(MSBuildProjectName)' @ c:\program files\dotnet\sdk\6.0.202\Sdks\Microsoft.NET.Sdk\targets\Microsoft.NET.Sdk.props:32
        MSBuildProjectName: 'Persistentie'
    TargetExt: '.dll' @ c:\program files\dotnet\sdk\6.0.202\Sdks\Microsoft.NET.Sdk\targets\Microsoft.NET.Sdk.BeforeCommon.targets:106
[16:07:32.326 Verbose] - BuildManager - Item _DebugSymbolsOutputPath 'D:\Users\Tangu\Documents\1Programmeren\Programmeren Gevorderd\Programmeren-Gevorderd-Eind-Evaluatie\1EindEvaluatie_FitnessReservatieApp\FitnessCentrumApp\.vs\FitnessCentrumApp\v17\lut\0\b\Persistentie\Debug\net5.0\Persistentie.pdb' evaluated via:
_DebugSymbolsOutputPath: '@(_DebugSymbolsIntermediatePath->'$(OutDir)%(Filename)%(Extension)')' @ D:\Programmas\Visual Studio 2022\MSBuild\Current\Bin\amd64\Microsoft.Common.CurrentVersion.targets:406
  OutDir: '$(OutputPath)' @ D:\Programmas\Visual Studio 2022\MSBuild\Current\Bin\amd64\Microsoft.Common.CurrentVersion.targets:228
    OutputPath: '$(OutputPath)$(TargetFramework.ToLowerInvariant())\' @ c:\program files\dotnet\sdk\6.0.202\Sdks\Microsoft.NET.Sdk\targets\Microsoft.NET.TargetFrameworkInference.targets:245
      OutputPath: '$(BaseOutputPath)$(Configuration)\' @ c:\program files\dotnet\sdk\6.0.202\Sdks\Microsoft.NET.Sdk\targets\Microsoft.NET.DefaultOutputPaths.targets:33
        BaseOutputPath: 'D:\Users\Tangu\Documents\1Programmeren\Programmeren Gevorderd\Programmeren-Gevorderd-Eind-Evaluatie\1EindEvaluatie_FitnessReservatieApp\FitnessCentrumApp\.vs\FitnessCentrumApp\v17\lut\0\b\Persistentie\' @ D:\Users\Tangu\Documents\1Programmeren\Programmeren Gevorderd\Programmeren-Gevorderd-Eind-Evaluatie\1EindEvaluatie_FitnessReservatieApp\FitnessCentrumApp\Persistentie\Persistentie.csproj:0
        Configuration: 'Debug'
[16:07:32.326 Verbose] - BuildManager - Item _ApplicationManifestFinal 'D:\Users\Tangu\Documents\1Programmeren\Programmeren Gevorderd\Programmeren-Gevorderd-Eind-Evaluatie\1EindEvaluatie_FitnessReservatieApp\FitnessCentrumApp\.vs\FitnessCentrumApp\v17\lut\0\b\Persistentie\Debug\net5.0\Native.Persistentie.manifest' evaluated via:
_ApplicationManifestFinal: '$(OutDir)$(_DeploymentTargetApplicationManifestFileName)' @ D:\Programmas\Visual Studio 2022\MSBuild\Current\Bin\amd64\Microsoft.Common.CurrentVersion.targets:444
  OutDir: '$(OutputPath)' @ D:\Programmas\Visual Studio 2022\MSBuild\Current\Bin\amd64\Microsoft.Common.CurrentVersion.targets:228
    OutputPath: '$(OutputPath)$(TargetFramework.ToLowerInvariant())\' @ c:\program files\dotnet\sdk\6.0.202\Sdks\Microsoft.NET.Sdk\targets\Microsoft.NET.TargetFrameworkInference.targets:245
      OutputPath: '$(BaseOutputPath)$(Configuration)\' @ c:\program files\dotnet\sdk\6.0.202\Sdks\Microsoft.NET.Sdk\targets\Microsoft.NET.DefaultOutputPaths.targets:33
        BaseOutputPath: 'D:\Users\Tangu\Documents\1Programmeren\Programmeren Gevorderd\Programmeren-Gevorderd-Eind-Evaluatie\1EindEvaluatie_FitnessReservatieApp\FitnessCentrumApp\.vs\FitnessCentrumApp\v17\lut\0\b\Persistentie\' @ D:\Users\Tangu\Documents\1Programmeren\Programmeren Gevorderd\Programmeren-Gevorderd-Eind-Evaluatie\1EindEvaluatie_FitnessReservatieApp\FitnessCentrumApp\Persistentie\Persistentie.csproj:0
        Configuration: 'Debug'
  _DeploymentTargetApplicationManifestFileName: 'Native.$(AssemblyName).manifest' @ D:\Programmas\Visual Studio 2022\MSBuild\Current\Bin\amd64\Microsoft.Common.CurrentVersion.targets:264
    AssemblyName: '$(MSBuildProjectName)' @ c:\program files\dotnet\sdk\6.0.202\Sdks\Microsoft.NET.Sdk\targets\Microsoft.NET.Sdk.props:32
      MSBuildProjectName: 'Persistentie'
