[15:31:24.543 Verbose] - BuildManager - D:\Tangu\Documents\aaaProgrammeren\Programmeren-Gevorderd-EindEvaluatie\1EindEvaluatie_FitnessReservatieApp\FitnessCentrumApp\Domein\Fiets.cs(5,32): error CS7036: There is no argument given that corresponds to the required formal parameter 'beschikbaar' of 'FitnessToestel.FitnessToestel(int, bool)'
[15:31:24.547 Verbose] - BuildManager - D:\Tangu\Documents\aaaProgrammeren\Programmeren-Gevorderd-EindEvaluatie\1EindEvaluatie_FitnessReservatieApp\FitnessCentrumApp\Domein\Loopband.cs(5,35): error CS7036: There is no argument given that corresponds to the required formal parameter 'beschikbaar' of 'FitnessToestel.FitnessToestel(int, bool)'
[15:31:24.549 Verbose] - BuildManager - D:\Tangu\Documents\aaaProgrammeren\Programmeren-Gevorderd-EindEvaluatie\1EindEvaluatie_FitnessReservatieApp\FitnessCentrumApp\Domein\DomeinController.cs(5,23): warning CS0649: Field 'DomeinController._klant' is never assigned to, and will always have its default value null
[15:31:24.549 Verbose] - BuildManager - D:\Tangu\Documents\aaaProgrammeren\Programmeren-Gevorderd-EindEvaluatie\1EindEvaluatie_FitnessReservatieApp\FitnessCentrumApp\Domein\FitnessCentrum.cs(8,28): warning CS0169: The field 'FitnessCentrum.iKlantRepo' is never used
[15:31:24.549 Verbose] - BuildManager - D:\Tangu\Documents\aaaProgrammeren\Programmeren-Gevorderd-EindEvaluatie\1EindEvaluatie_FitnessReservatieApp\FitnessCentrumApp\Domein\FitnessCentrum.cs(10,34): warning CS0169: The field 'FitnessCentrum._reservationRepo' is never used
[15:31:24.549 Verbose] - BuildManager - D:\Tangu\Documents\aaaProgrammeren\Programmeren-Gevorderd-EindEvaluatie\1EindEvaluatie_FitnessReservatieApp\FitnessCentrumApp\Domein\FitnessCentrum.cs(7,33): warning CS0169: The field 'FitnessCentrum.iToestellenRepo' is never used
[15:31:24.549 Verbose] - BuildManager - D:\Tangu\Documents\aaaProgrammeren\Programmeren-Gevorderd-EindEvaluatie\1EindEvaluatie_FitnessReservatieApp\FitnessCentrumApp\Domein\DomeinController.cs(4,32): warning CS0169: The field 'DomeinController._fitnessCentrum' is never used
[15:31:24.549 Verbose] - BuildManager - D:\Tangu\Documents\aaaProgrammeren\Programmeren-Gevorderd-EindEvaluatie\1EindEvaluatie_FitnessReservatieApp\FitnessCentrumApp\Domein\DomeinController.cs(6,28): warning CS0649: Field 'DomeinController._klantRepo' is never assigned to, and will always have its default value null
[15:31:24.553 Verbose] - BuildManager - C:\Program Files\Microsoft Visual Studio\2022\Enterprise\MSBuild\Current\Bin\Roslyn\Microsoft.CSharp.Core.targets(75,5): error MSB4181: The "Csc" task returned false but did not log an error.
[15:31:24.602 Verbose] - BuildManager - Some of the file paths defined in the csproj under the Live Unit Testing build path are missing. Verify whether these files should be present under the Live Unit Testing build path and if necessary update the csproj definition to look these files up in a different place.
[15:31:24.608 Verbose] - BuildManager - Item _OutputPathItem 'D:\Tangu\Documents\aaaProgrammeren\Programmeren-Gevorderd-EindEvaluatie\1EindEvaluatie_FitnessReservatieApp\FitnessCentrumApp\.vs\FitnessCentrumApp\v17\lut\0\b\Domein\Debug\net5.0\' evaluated via:
_OutputPathItem: '$(OutDir)' @ C:\Program Files\Microsoft Visual Studio\2022\Enterprise\MSBuild\Current\Bin\amd64\Microsoft.Common.CurrentVersion.targets:310
  OutDir: '$(OutputPath)' @ C:\Program Files\Microsoft Visual Studio\2022\Enterprise\MSBuild\Current\Bin\amd64\Microsoft.Common.CurrentVersion.targets:228
    OutputPath: '$(OutputPath)$(TargetFramework.ToLowerInvariant())\' @ C:\Program Files\dotnet\sdk\6.0.202\Sdks\Microsoft.NET.Sdk\targets\Microsoft.NET.TargetFrameworkInference.targets:245
      OutputPath: '$(BaseOutputPath)$(Configuration)\' @ C:\Program Files\dotnet\sdk\6.0.202\Sdks\Microsoft.NET.Sdk\targets\Microsoft.NET.DefaultOutputPaths.targets:33
        BaseOutputPath: 'D:\Tangu\Documents\aaaProgrammeren\Programmeren-Gevorderd-EindEvaluatie\1EindEvaluatie_FitnessReservatieApp\FitnessCentrumApp\.vs\FitnessCentrumApp\v17\lut\0\b\Domein\' @ D:\Tangu\Documents\aaaProgrammeren\Programmeren-Gevorderd-EindEvaluatie\1EindEvaluatie_FitnessReservatieApp\FitnessCentrumApp\Domein\Domein.csproj:0
        Configuration: 'Debug'
[15:31:24.608 Verbose] - BuildManager - Item AppConfigFileDestination 'D:\Tangu\Documents\aaaProgrammeren\Programmeren-Gevorderd-EindEvaluatie\1EindEvaluatie_FitnessReservatieApp\FitnessCentrumApp\.vs\FitnessCentrumApp\v17\lut\0\b\Domein\Debug\net5.0\Domein.dll.config' evaluated via:
AppConfigFileDestination: '$(OutDir)$(TargetFileName).config' @ C:\Program Files\Microsoft Visual Studio\2022\Enterprise\MSBuild\Current\Bin\amd64\Microsoft.Common.CurrentVersion.targets:339
  OutDir: '$(OutputPath)' @ C:\Program Files\Microsoft Visual Studio\2022\Enterprise\MSBuild\Current\Bin\amd64\Microsoft.Common.CurrentVersion.targets:228
    OutputPath: '$(OutputPath)$(TargetFramework.ToLowerInvariant())\' @ C:\Program Files\dotnet\sdk\6.0.202\Sdks\Microsoft.NET.Sdk\targets\Microsoft.NET.TargetFrameworkInference.targets:245
      OutputPath: '$(BaseOutputPath)$(Configuration)\' @ C:\Program Files\dotnet\sdk\6.0.202\Sdks\Microsoft.NET.Sdk\targets\Microsoft.NET.DefaultOutputPaths.targets:33
        BaseOutputPath: 'D:\Tangu\Documents\aaaProgrammeren\Programmeren-Gevorderd-EindEvaluatie\1EindEvaluatie_FitnessReservatieApp\FitnessCentrumApp\.vs\FitnessCentrumApp\v17\lut\0\b\Domein\' @ D:\Tangu\Documents\aaaProgrammeren\Programmeren-Gevorderd-EindEvaluatie\1EindEvaluatie_FitnessReservatieApp\FitnessCentrumApp\Domein\Domein.csproj:0
        Configuration: 'Debug'
  TargetFileName: '$(TargetName)$(TargetExt)' @ C:\Program Files\Microsoft Visual Studio\2022\Enterprise\MSBuild\Current\Bin\amd64\Microsoft.Common.CurrentVersion.targets:248
    TargetName: '$(AssemblyName)' @ C:\Program Files\Microsoft Visual Studio\2022\Enterprise\MSBuild\Current\Bin\amd64\Microsoft.Common.CurrentVersion.targets:240
      AssemblyName: '$(MSBuildProjectName)' @ C:\Program Files\dotnet\sdk\6.0.202\Sdks\Microsoft.NET.Sdk\targets\Microsoft.NET.Sdk.props:32
        MSBuildProjectName: 'Domein'
    TargetExt: '.dll' @ C:\Program Files\dotnet\sdk\6.0.202\Sdks\Microsoft.NET.Sdk\targets\Microsoft.NET.Sdk.BeforeCommon.targets:106
[15:31:24.608 Verbose] - BuildManager - Item _DebugSymbolsOutputPath 'D:\Tangu\Documents\aaaProgrammeren\Programmeren-Gevorderd-EindEvaluatie\1EindEvaluatie_FitnessReservatieApp\FitnessCentrumApp\.vs\FitnessCentrumApp\v17\lut\0\b\Domein\Debug\net5.0\Domein.pdb' evaluated via:
_DebugSymbolsOutputPath: '@(_DebugSymbolsIntermediatePath->'$(OutDir)%(Filename)%(Extension)')' @ C:\Program Files\Microsoft Visual Studio\2022\Enterprise\MSBuild\Current\Bin\amd64\Microsoft.Common.CurrentVersion.targets:406
  OutDir: '$(OutputPath)' @ C:\Program Files\Microsoft Visual Studio\2022\Enterprise\MSBuild\Current\Bin\amd64\Microsoft.Common.CurrentVersion.targets:228
    OutputPath: '$(OutputPath)$(TargetFramework.ToLowerInvariant())\' @ C:\Program Files\dotnet\sdk\6.0.202\Sdks\Microsoft.NET.Sdk\targets\Microsoft.NET.TargetFrameworkInference.targets:245
      OutputPath: '$(BaseOutputPath)$(Configuration)\' @ C:\Program Files\dotnet\sdk\6.0.202\Sdks\Microsoft.NET.Sdk\targets\Microsoft.NET.DefaultOutputPaths.targets:33
        BaseOutputPath: 'D:\Tangu\Documents\aaaProgrammeren\Programmeren-Gevorderd-EindEvaluatie\1EindEvaluatie_FitnessReservatieApp\FitnessCentrumApp\.vs\FitnessCentrumApp\v17\lut\0\b\Domein\' @ D:\Tangu\Documents\aaaProgrammeren\Programmeren-Gevorderd-EindEvaluatie\1EindEvaluatie_FitnessReservatieApp\FitnessCentrumApp\Domein\Domein.csproj:0
        Configuration: 'Debug'
[15:31:24.608 Verbose] - BuildManager - Item _ApplicationManifestFinal 'D:\Tangu\Documents\aaaProgrammeren\Programmeren-Gevorderd-EindEvaluatie\1EindEvaluatie_FitnessReservatieApp\FitnessCentrumApp\.vs\FitnessCentrumApp\v17\lut\0\b\Domein\Debug\net5.0\Native.Domein.manifest' evaluated via:
_ApplicationManifestFinal: '$(OutDir)$(_DeploymentTargetApplicationManifestFileName)' @ C:\Program Files\Microsoft Visual Studio\2022\Enterprise\MSBuild\Current\Bin\amd64\Microsoft.Common.CurrentVersion.targets:444
  OutDir: '$(OutputPath)' @ C:\Program Files\Microsoft Visual Studio\2022\Enterprise\MSBuild\Current\Bin\amd64\Microsoft.Common.CurrentVersion.targets:228
    OutputPath: '$(OutputPath)$(TargetFramework.ToLowerInvariant())\' @ C:\Program Files\dotnet\sdk\6.0.202\Sdks\Microsoft.NET.Sdk\targets\Microsoft.NET.TargetFrameworkInference.targets:245
      OutputPath: '$(BaseOutputPath)$(Configuration)\' @ C:\Program Files\dotnet\sdk\6.0.202\Sdks\Microsoft.NET.Sdk\targets\Microsoft.NET.DefaultOutputPaths.targets:33
        BaseOutputPath: 'D:\Tangu\Documents\aaaProgrammeren\Programmeren-Gevorderd-EindEvaluatie\1EindEvaluatie_FitnessReservatieApp\FitnessCentrumApp\.vs\FitnessCentrumApp\v17\lut\0\b\Domein\' @ D:\Tangu\Documents\aaaProgrammeren\Programmeren-Gevorderd-EindEvaluatie\1EindEvaluatie_FitnessReservatieApp\FitnessCentrumApp\Domein\Domein.csproj:0
        Configuration: 'Debug'
  _DeploymentTargetApplicationManifestFileName: 'Native.$(AssemblyName).manifest' @ C:\Program Files\Microsoft Visual Studio\2022\Enterprise\MSBuild\Current\Bin\amd64\Microsoft.Common.CurrentVersion.targets:264
    AssemblyName: '$(MSBuildProjectName)' @ C:\Program Files\dotnet\sdk\6.0.202\Sdks\Microsoft.NET.Sdk\targets\Microsoft.NET.Sdk.props:32
      MSBuildProjectName: 'Domein'
